[ INFO ] [2020-07-15 16:33:28] org.springframework.context.annotation.AnnotationConfigApplicationContext [582] - Refreshing org.springframework.context.annotation.AnnotationConfigApplicationContext@ea30797: startup date [Wed Jul 15 16:33:28 CST 2020]; root of context hierarchy
[ INFO ] [2020-07-15 16:33:29] org.springframework.beans.factory.annotation.AutowiredAnnotationBeanPostProcessor [155] - JSR-330 'javax.inject.Inject' annotation found and supported for autowiring
[ INFO ] [2020-07-15 16:33:29] org.hibernate.validator.internal.util.Version [30] - HV000001: Hibernate Validator 5.3.4.Final
[ INFO ] [2020-07-15 16:33:29] org.springframework.context.support.PostProcessorRegistrationDelegate$BeanPostProcessorChecker [325] - Bean 'configurationPropertiesRebinderAutoConfiguration' of type [org.springframework.cloud.autoconfigure.ConfigurationPropertiesRebinderAutoConfiguration$$EnhancerBySpringCGLIB$$84d6e44d] is not eligible for getting processed by all BeanPostProcessors (for example: not eligible for auto-proxying)
[ INFO ] [2020-07-15 16:33:30] io.twostepsfromjava.cloud.service.hello.Application [637] - No active profile set, falling back to default profiles: default
[ INFO ] [2020-07-15 16:33:30] org.springframework.boot.context.embedded.AnnotationConfigEmbeddedWebApplicationContext [582] - Refreshing org.springframework.boot.context.embedded.AnnotationConfigEmbeddedWebApplicationContext@215be6bb: startup date [Wed Jul 15 16:33:30 CST 2020]; parent: org.springframework.context.annotation.AnnotationConfigApplicationContext@ea30797
[ INFO ] [2020-07-15 16:33:31] org.springframework.cloud.context.scope.GenericScope [263] - BeanFactory id=4d1009ae-5d8a-327b-8006-1bbd4992aa22
[ INFO ] [2020-07-15 16:33:31] org.springframework.beans.factory.annotation.AutowiredAnnotationBeanPostProcessor [155] - JSR-330 'javax.inject.Inject' annotation found and supported for autowiring
[ INFO ] [2020-07-15 16:33:31] org.springframework.context.support.PostProcessorRegistrationDelegate$BeanPostProcessorChecker [325] - Bean 'org.springframework.cloud.autoconfigure.ConfigurationPropertiesRebinderAutoConfiguration' of type [org.springframework.cloud.autoconfigure.ConfigurationPropertiesRebinderAutoConfiguration$$EnhancerBySpringCGLIB$$84d6e44d] is not eligible for getting processed by all BeanPostProcessors (for example: not eligible for auto-proxying)
[ INFO ] [2020-07-15 16:33:36] org.springframework.boot.context.embedded.tomcat.TomcatEmbeddedServletContainer [89] - Tomcat initialized with port(s): 2100 (http)
[ INFO ] [2020-07-15 16:33:37] org.apache.catalina.core.StandardService [179] - Starting service Tomcat
[ INFO ] [2020-07-15 16:33:37] org.apache.catalina.core.StandardEngine [179] - Starting Servlet Engine: Apache Tomcat/8.5.11
[ INFO ] [2020-07-15 16:33:37] org.apache.catalina.core.ContainerBase.[Tomcat].[localhost].[/] [179] - Initializing Spring embedded WebApplicationContext
[ INFO ] [2020-07-15 16:33:37] org.springframework.web.context.ContextLoader [276] - Root WebApplicationContext: initialization completed in 7071 ms
[ INFO ] [2020-07-15 16:33:37] org.springframework.boot.web.servlet.ServletRegistrationBean [190] - Mapping servlet: 'dispatcherServlet' to [/]
[ INFO ] [2020-07-15 16:33:37] org.springframework.boot.web.servlet.FilterRegistrationBean [258] - Mapping filter: 'characterEncodingFilter' to: [/*]
[ INFO ] [2020-07-15 16:33:37] org.springframework.boot.web.servlet.FilterRegistrationBean [258] - Mapping filter: 'hiddenHttpMethodFilter' to: [/*]
[ INFO ] [2020-07-15 16:33:37] org.springframework.boot.web.servlet.FilterRegistrationBean [258] - Mapping filter: 'httpPutFormContentFilter' to: [/*]
[ INFO ] [2020-07-15 16:33:37] org.springframework.boot.web.servlet.FilterRegistrationBean [258] - Mapping filter: 'requestContextFilter' to: [/*]
[ INFO ] [2020-07-15 16:33:38] org.springframework.web.servlet.mvc.method.annotation.RequestMappingHandlerAdapter [534] - Looking for @ControllerAdvice: org.springframework.boot.context.embedded.AnnotationConfigEmbeddedWebApplicationContext@215be6bb: startup date [Wed Jul 15 16:33:30 CST 2020]; parent: org.springframework.context.annotation.AnnotationConfigApplicationContext@ea30797
[ INFO ] [2020-07-15 16:33:38] org.springframework.web.servlet.mvc.method.annotation.RequestMappingHandlerMapping [543] - Mapped "{[/hello],methods=[GET]}" onto public java.lang.String io.twostepsfromjava.cloud.service.hello.api.HelloEndpoint.hello()
[ INFO ] [2020-07-15 16:33:38] org.springframework.web.servlet.mvc.method.annotation.RequestMappingHandlerMapping [543] - Mapped "{[/error]}" onto public org.springframework.http.ResponseEntity<java.util.Map<java.lang.String, java.lang.Object>> org.springframework.boot.autoconfigure.web.BasicErrorController.error(javax.servlet.http.HttpServletRequest)
[ INFO ] [2020-07-15 16:33:38] org.springframework.web.servlet.mvc.method.annotation.RequestMappingHandlerMapping [543] - Mapped "{[/error],produces=[text/html]}" onto public org.springframework.web.servlet.ModelAndView org.springframework.boot.autoconfigure.web.BasicErrorController.errorHtml(javax.servlet.http.HttpServletRequest,javax.servlet.http.HttpServletResponse)
[ INFO ] [2020-07-15 16:33:38] org.springframework.web.servlet.handler.SimpleUrlHandlerMapping [362] - Mapped URL path [/webjars/**] onto handler of type [class org.springframework.web.servlet.resource.ResourceHttpRequestHandler]
[ INFO ] [2020-07-15 16:33:38] org.springframework.web.servlet.handler.SimpleUrlHandlerMapping [362] - Mapped URL path [/**] onto handler of type [class org.springframework.web.servlet.resource.ResourceHttpRequestHandler]
[ INFO ] [2020-07-15 16:33:38] org.springframework.web.servlet.handler.SimpleUrlHandlerMapping [362] - Mapped URL path [/**/favicon.ico] onto handler of type [class org.springframework.web.servlet.resource.ResourceHttpRequestHandler]
[ WARN ] [2020-07-15 16:33:39] com.netflix.config.sources.URLConfigurationSource [121] - No URLs will be polled as dynamic configuration sources.
[ INFO ] [2020-07-15 16:33:39] com.netflix.config.sources.URLConfigurationSource [122] - To enable URLs as dynamic configuration sources, define System property archaius.configurationSource.additionalUrls or make config.properties available on classpath.
[ WARN ] [2020-07-15 16:33:39] com.netflix.config.sources.URLConfigurationSource [121] - No URLs will be polled as dynamic configuration sources.
[ INFO ] [2020-07-15 16:33:39] com.netflix.config.sources.URLConfigurationSource [122] - To enable URLs as dynamic configuration sources, define System property archaius.configurationSource.additionalUrls or make config.properties available on classpath.
[ INFO ] [2020-07-15 16:33:39] org.springframework.jmx.export.annotation.AnnotationMBeanExporter [431] - Registering beans for JMX exposure on startup
[ INFO ] [2020-07-15 16:33:39] org.springframework.jmx.export.annotation.AnnotationMBeanExporter [916] - Bean with name 'environmentManager' has been autodetected for JMX exposure
[ INFO ] [2020-07-15 16:33:39] org.springframework.jmx.export.annotation.AnnotationMBeanExporter [916] - Bean with name 'configurationPropertiesRebinder' has been autodetected for JMX exposure
[ INFO ] [2020-07-15 16:33:39] org.springframework.jmx.export.annotation.AnnotationMBeanExporter [916] - Bean with name 'refreshScope' has been autodetected for JMX exposure
[ INFO ] [2020-07-15 16:33:39] org.springframework.jmx.export.annotation.AnnotationMBeanExporter [678] - Located managed bean 'environmentManager': registering with JMX server as MBean [org.springframework.cloud.context.environment:name=environmentManager,type=EnvironmentManager]
[ INFO ] [2020-07-15 16:33:39] org.springframework.jmx.export.annotation.AnnotationMBeanExporter [678] - Located managed bean 'refreshScope': registering with JMX server as MBean [org.springframework.cloud.context.scope.refresh:name=refreshScope,type=RefreshScope]
[ INFO ] [2020-07-15 16:33:39] org.springframework.jmx.export.annotation.AnnotationMBeanExporter [678] - Located managed bean 'configurationPropertiesRebinder': registering with JMX server as MBean [org.springframework.cloud.context.properties:name=configurationPropertiesRebinder,context=215be6bb,type=ConfigurationPropertiesRebinder]
[ INFO ] [2020-07-15 16:33:39] org.springframework.context.support.DefaultLifecycleProcessor [343] - Starting beans in phase 0
[ INFO ] [2020-07-15 16:33:39] org.springframework.cloud.netflix.eureka.InstanceInfoFactory [70] - Setting initial instance status as: STARTING
[ INFO ] [2020-07-15 16:33:39] com.netflix.discovery.DiscoveryClient [344] - Initializing Eureka in region us-east-1
[ INFO ] [2020-07-15 16:33:40] com.netflix.discovery.provider.DiscoveryJerseyProvider [70] - Using JSON encoding codec LegacyJacksonJson
[ INFO ] [2020-07-15 16:33:40] com.netflix.discovery.provider.DiscoveryJerseyProvider [71] - Using JSON decoding codec LegacyJacksonJson
[ INFO ] [2020-07-15 16:33:40] com.netflix.discovery.provider.DiscoveryJerseyProvider [80] - Using XML encoding codec XStreamXml
[ INFO ] [2020-07-15 16:33:40] com.netflix.discovery.provider.DiscoveryJerseyProvider [81] - Using XML decoding codec XStreamXml
[ INFO ] [2020-07-15 16:33:40] com.netflix.discovery.shared.resolver.aws.ConfigClusterResolver [43] - Resolving eureka endpoints via configuration
[ INFO ] [2020-07-15 16:33:40] com.netflix.discovery.DiscoveryClient [920] - Disable delta property : false
[ INFO ] [2020-07-15 16:33:40] com.netflix.discovery.DiscoveryClient [921] - Single vip registry refresh property : null
[ INFO ] [2020-07-15 16:33:40] com.netflix.discovery.DiscoveryClient [922] - Force full registry fetch : false
[ INFO ] [2020-07-15 16:33:40] com.netflix.discovery.DiscoveryClient [923] - Application is null : false
[ INFO ] [2020-07-15 16:33:40] com.netflix.discovery.DiscoveryClient [924] - Registered Applications size is zero : true
[ INFO ] [2020-07-15 16:33:40] com.netflix.discovery.DiscoveryClient [926] - Application version is -1: true
[ INFO ] [2020-07-15 16:33:40] com.netflix.discovery.DiscoveryClient [1009] - Getting all instance registry info from the eureka server
[ INFO ] [2020-07-15 16:33:41] com.netflix.discovery.DiscoveryClient [1018] - The response status is 200
[ INFO ] [2020-07-15 16:33:41] com.netflix.discovery.DiscoveryClient [1244] - Starting heartbeat executor: renew interval is: 30
[ INFO ] [2020-07-15 16:33:41] com.netflix.discovery.InstanceInfoReplicator [59] - InstanceInfoReplicator onDemand update allowed rate per min is 4
[ INFO ] [2020-07-15 16:33:41] com.netflix.discovery.DiscoveryClient [425] - Discovery Client initialized at timestamp 1594802021312 with initial instances count: 1
[ INFO ] [2020-07-15 16:33:41] org.springframework.cloud.netflix.eureka.serviceregistry.EurekaServiceRegistry [40] - Registering application SERVICE-HELLO with eureka with status UP
[ INFO ] [2020-07-15 16:33:41] com.netflix.discovery.DiscoveryClient [1279] - Saw local status change event StatusChangeEvent [timestamp=1594802021355, current=UP, previous=STARTING]
[ INFO ] [2020-07-15 16:33:41] org.apache.coyote.http11.Http11NioProtocol [179] - Initializing ProtocolHandler ["http-nio-2100"]
[ INFO ] [2020-07-15 16:33:41] org.apache.coyote.http11.Http11NioProtocol [179] - Starting ProtocolHandler [http-nio-2100]
[ INFO ] [2020-07-15 16:33:41] org.apache.tomcat.util.net.NioSelectorPool [179] - Using a shared selector for servlet write/read
[ INFO ] [2020-07-15 16:33:41] com.netflix.discovery.DiscoveryClient [795] - DiscoveryClient_SERVICE-HELLO/SOFT07.shgae.cn:SERVICE-HELLO:2100: registering service...
[ INFO ] [2020-07-15 16:33:41] org.springframework.boot.context.embedded.tomcat.TomcatEmbeddedServletContainer [198] - Tomcat started on port(s): 2100 (http)
[ INFO ] [2020-07-15 16:33:41] org.springframework.cloud.netflix.eureka.serviceregistry.EurekaAutoServiceRegistration [117] - Updating port to 2100
[ INFO ] [2020-07-15 16:33:41] io.twostepsfromjava.cloud.service.hello.Application [57] - Started Application in 13.285 seconds (JVM running for 14.185)
[ INFO ] [2020-07-15 16:33:41] com.netflix.discovery.DiscoveryClient [804] - DiscoveryClient_SERVICE-HELLO/SOFT07.shgae.cn:SERVICE-HELLO:2100 - registration status: 204
[ INFO ] [2020-07-15 16:34:54] org.springframework.context.annotation.AnnotationConfigApplicationContext [582] - Refreshing org.springframework.context.annotation.AnnotationConfigApplicationContext@ea30797: startup date [Wed Jul 15 16:34:54 CST 2020]; root of context hierarchy
[ INFO ] [2020-07-15 16:34:55] org.hibernate.validator.internal.util.Version [30] - HV000001: Hibernate Validator 5.3.4.Final
[ INFO ] [2020-07-15 16:34:55] org.springframework.beans.factory.annotation.AutowiredAnnotationBeanPostProcessor [155] - JSR-330 'javax.inject.Inject' annotation found and supported for autowiring
[ INFO ] [2020-07-15 16:34:55] org.springframework.context.support.PostProcessorRegistrationDelegate$BeanPostProcessorChecker [325] - Bean 'configurationPropertiesRebinderAutoConfiguration' of type [org.springframework.cloud.autoconfigure.ConfigurationPropertiesRebinderAutoConfiguration$$EnhancerBySpringCGLIB$$84d6e44d] is not eligible for getting processed by all BeanPostProcessors (for example: not eligible for auto-proxying)
[ INFO ] [2020-07-15 16:34:56] io.twostepsfromjava.cloud.service.hello.Application [637] - No active profile set, falling back to default profiles: default
[ INFO ] [2020-07-15 16:34:56] org.springframework.boot.context.embedded.AnnotationConfigEmbeddedWebApplicationContext [582] - Refreshing org.springframework.boot.context.embedded.AnnotationConfigEmbeddedWebApplicationContext@5f375618: startup date [Wed Jul 15 16:34:56 CST 2020]; parent: org.springframework.context.annotation.AnnotationConfigApplicationContext@ea30797
[ INFO ] [2020-07-15 16:34:57] org.springframework.cloud.context.scope.GenericScope [263] - BeanFactory id=4d1009ae-5d8a-327b-8006-1bbd4992aa22
[ INFO ] [2020-07-15 16:34:57] org.springframework.beans.factory.annotation.AutowiredAnnotationBeanPostProcessor [155] - JSR-330 'javax.inject.Inject' annotation found and supported for autowiring
[ INFO ] [2020-07-15 16:34:57] org.springframework.context.support.PostProcessorRegistrationDelegate$BeanPostProcessorChecker [325] - Bean 'org.springframework.cloud.autoconfigure.ConfigurationPropertiesRebinderAutoConfiguration' of type [org.springframework.cloud.autoconfigure.ConfigurationPropertiesRebinderAutoConfiguration$$EnhancerBySpringCGLIB$$84d6e44d] is not eligible for getting processed by all BeanPostProcessors (for example: not eligible for auto-proxying)
[ INFO ] [2020-07-15 16:35:02] org.springframework.boot.context.embedded.tomcat.TomcatEmbeddedServletContainer [89] - Tomcat initialized with port(s): 2200 (http)
[ INFO ] [2020-07-15 16:35:02] org.apache.catalina.core.StandardService [179] - Starting service Tomcat
[ INFO ] [2020-07-15 16:35:02] org.apache.catalina.core.StandardEngine [179] - Starting Servlet Engine: Apache Tomcat/8.5.11
[ INFO ] [2020-07-15 16:35:02] org.apache.catalina.core.ContainerBase.[Tomcat].[localhost].[/] [179] - Initializing Spring embedded WebApplicationContext
[ INFO ] [2020-07-15 16:35:02] org.springframework.web.context.ContextLoader [276] - Root WebApplicationContext: initialization completed in 6531 ms
[ INFO ] [2020-07-15 16:35:02] org.springframework.boot.web.servlet.ServletRegistrationBean [190] - Mapping servlet: 'dispatcherServlet' to [/]
[ INFO ] [2020-07-15 16:35:02] org.springframework.boot.web.servlet.FilterRegistrationBean [258] - Mapping filter: 'characterEncodingFilter' to: [/*]
[ INFO ] [2020-07-15 16:35:02] org.springframework.boot.web.servlet.FilterRegistrationBean [258] - Mapping filter: 'hiddenHttpMethodFilter' to: [/*]
[ INFO ] [2020-07-15 16:35:02] org.springframework.boot.web.servlet.FilterRegistrationBean [258] - Mapping filter: 'httpPutFormContentFilter' to: [/*]
[ INFO ] [2020-07-15 16:35:02] org.springframework.boot.web.servlet.FilterRegistrationBean [258] - Mapping filter: 'requestContextFilter' to: [/*]
[ INFO ] [2020-07-15 16:35:03] org.springframework.web.servlet.mvc.method.annotation.RequestMappingHandlerAdapter [534] - Looking for @ControllerAdvice: org.springframework.boot.context.embedded.AnnotationConfigEmbeddedWebApplicationContext@5f375618: startup date [Wed Jul 15 16:34:56 CST 2020]; parent: org.springframework.context.annotation.AnnotationConfigApplicationContext@ea30797
[ INFO ] [2020-07-15 16:35:03] org.springframework.web.servlet.mvc.method.annotation.RequestMappingHandlerMapping [543] - Mapped "{[/hello],methods=[GET]}" onto public java.lang.String io.twostepsfromjava.cloud.service.hello.api.HelloEndpoint.hello()
[ INFO ] [2020-07-15 16:35:03] org.springframework.web.servlet.mvc.method.annotation.RequestMappingHandlerMapping [543] - Mapped "{[/error]}" onto public org.springframework.http.ResponseEntity<java.util.Map<java.lang.String, java.lang.Object>> org.springframework.boot.autoconfigure.web.BasicErrorController.error(javax.servlet.http.HttpServletRequest)
[ INFO ] [2020-07-15 16:35:03] org.springframework.web.servlet.mvc.method.annotation.RequestMappingHandlerMapping [543] - Mapped "{[/error],produces=[text/html]}" onto public org.springframework.web.servlet.ModelAndView org.springframework.boot.autoconfigure.web.BasicErrorController.errorHtml(javax.servlet.http.HttpServletRequest,javax.servlet.http.HttpServletResponse)
[ INFO ] [2020-07-15 16:35:04] org.springframework.web.servlet.handler.SimpleUrlHandlerMapping [362] - Mapped URL path [/webjars/**] onto handler of type [class org.springframework.web.servlet.resource.ResourceHttpRequestHandler]
[ INFO ] [2020-07-15 16:35:04] org.springframework.web.servlet.handler.SimpleUrlHandlerMapping [362] - Mapped URL path [/**] onto handler of type [class org.springframework.web.servlet.resource.ResourceHttpRequestHandler]
[ INFO ] [2020-07-15 16:35:04] org.springframework.web.servlet.handler.SimpleUrlHandlerMapping [362] - Mapped URL path [/**/favicon.ico] onto handler of type [class org.springframework.web.servlet.resource.ResourceHttpRequestHandler]
[ WARN ] [2020-07-15 16:35:04] com.netflix.config.sources.URLConfigurationSource [121] - No URLs will be polled as dynamic configuration sources.
[ INFO ] [2020-07-15 16:35:04] com.netflix.config.sources.URLConfigurationSource [122] - To enable URLs as dynamic configuration sources, define System property archaius.configurationSource.additionalUrls or make config.properties available on classpath.
[ WARN ] [2020-07-15 16:35:04] com.netflix.config.sources.URLConfigurationSource [121] - No URLs will be polled as dynamic configuration sources.
[ INFO ] [2020-07-15 16:35:04] com.netflix.config.sources.URLConfigurationSource [122] - To enable URLs as dynamic configuration sources, define System property archaius.configurationSource.additionalUrls or make config.properties available on classpath.
[ INFO ] [2020-07-15 16:35:04] org.springframework.jmx.export.annotation.AnnotationMBeanExporter [431] - Registering beans for JMX exposure on startup
[ INFO ] [2020-07-15 16:35:04] org.springframework.jmx.export.annotation.AnnotationMBeanExporter [916] - Bean with name 'environmentManager' has been autodetected for JMX exposure
[ INFO ] [2020-07-15 16:35:04] org.springframework.jmx.export.annotation.AnnotationMBeanExporter [916] - Bean with name 'configurationPropertiesRebinder' has been autodetected for JMX exposure
[ INFO ] [2020-07-15 16:35:04] org.springframework.jmx.export.annotation.AnnotationMBeanExporter [916] - Bean with name 'refreshScope' has been autodetected for JMX exposure
[ INFO ] [2020-07-15 16:35:04] org.springframework.jmx.export.annotation.AnnotationMBeanExporter [678] - Located managed bean 'environmentManager': registering with JMX server as MBean [org.springframework.cloud.context.environment:name=environmentManager,type=EnvironmentManager]
[ INFO ] [2020-07-15 16:35:04] org.springframework.jmx.export.annotation.AnnotationMBeanExporter [678] - Located managed bean 'refreshScope': registering with JMX server as MBean [org.springframework.cloud.context.scope.refresh:name=refreshScope,type=RefreshScope]
[ INFO ] [2020-07-15 16:35:04] org.springframework.jmx.export.annotation.AnnotationMBeanExporter [678] - Located managed bean 'configurationPropertiesRebinder': registering with JMX server as MBean [org.springframework.cloud.context.properties:name=configurationPropertiesRebinder,context=5f375618,type=ConfigurationPropertiesRebinder]
[ INFO ] [2020-07-15 16:35:05] org.springframework.context.support.DefaultLifecycleProcessor [343] - Starting beans in phase 0
[ INFO ] [2020-07-15 16:35:05] org.springframework.cloud.netflix.eureka.InstanceInfoFactory [70] - Setting initial instance status as: STARTING
[ INFO ] [2020-07-15 16:35:05] com.netflix.discovery.DiscoveryClient [344] - Initializing Eureka in region us-east-1
[ INFO ] [2020-07-15 16:35:05] com.netflix.discovery.provider.DiscoveryJerseyProvider [70] - Using JSON encoding codec LegacyJacksonJson
[ INFO ] [2020-07-15 16:35:05] com.netflix.discovery.provider.DiscoveryJerseyProvider [71] - Using JSON decoding codec LegacyJacksonJson
[ INFO ] [2020-07-15 16:35:06] com.netflix.discovery.provider.DiscoveryJerseyProvider [80] - Using XML encoding codec XStreamXml
[ INFO ] [2020-07-15 16:35:06] com.netflix.discovery.provider.DiscoveryJerseyProvider [81] - Using XML decoding codec XStreamXml
[ INFO ] [2020-07-15 16:35:06] com.netflix.discovery.shared.resolver.aws.ConfigClusterResolver [43] - Resolving eureka endpoints via configuration
[ INFO ] [2020-07-15 16:35:06] com.netflix.discovery.DiscoveryClient [920] - Disable delta property : false
[ INFO ] [2020-07-15 16:35:06] com.netflix.discovery.DiscoveryClient [921] - Single vip registry refresh property : null
[ INFO ] [2020-07-15 16:35:06] com.netflix.discovery.DiscoveryClient [922] - Force full registry fetch : false
[ INFO ] [2020-07-15 16:35:06] com.netflix.discovery.DiscoveryClient [923] - Application is null : false
[ INFO ] [2020-07-15 16:35:06] com.netflix.discovery.DiscoveryClient [924] - Registered Applications size is zero : true
[ INFO ] [2020-07-15 16:35:06] com.netflix.discovery.DiscoveryClient [926] - Application version is -1: true
[ INFO ] [2020-07-15 16:35:06] com.netflix.discovery.DiscoveryClient [1009] - Getting all instance registry info from the eureka server
[ INFO ] [2020-07-15 16:35:07] com.netflix.discovery.DiscoveryClient [1018] - The response status is 200
[ INFO ] [2020-07-15 16:35:07] com.netflix.discovery.DiscoveryClient [1244] - Starting heartbeat executor: renew interval is: 30
[ INFO ] [2020-07-15 16:35:07] com.netflix.discovery.InstanceInfoReplicator [59] - InstanceInfoReplicator onDemand update allowed rate per min is 4
[ INFO ] [2020-07-15 16:35:07] com.netflix.discovery.DiscoveryClient [425] - Discovery Client initialized at timestamp 1594802107065 with initial instances count: 1
[ INFO ] [2020-07-15 16:35:07] org.springframework.cloud.netflix.eureka.serviceregistry.EurekaServiceRegistry [40] - Registering application SERVICE-HELLO with eureka with status UP
[ INFO ] [2020-07-15 16:35:07] com.netflix.discovery.DiscoveryClient [1279] - Saw local status change event StatusChangeEvent [timestamp=1594802107123, current=UP, previous=STARTING]
[ INFO ] [2020-07-15 16:35:07] com.netflix.discovery.DiscoveryClient [795] - DiscoveryClient_SERVICE-HELLO/SOFT07.shgae.cn:SERVICE-HELLO:2200: registering service...
[ INFO ] [2020-07-15 16:35:07] org.apache.coyote.http11.Http11NioProtocol [179] - Initializing ProtocolHandler ["http-nio-2200"]
[ INFO ] [2020-07-15 16:35:07] org.apache.coyote.http11.Http11NioProtocol [179] - Starting ProtocolHandler [http-nio-2200]
[ INFO ] [2020-07-15 16:35:07] org.apache.tomcat.util.net.NioSelectorPool [179] - Using a shared selector for servlet write/read
[ INFO ] [2020-07-15 16:35:07] org.springframework.boot.context.embedded.tomcat.TomcatEmbeddedServletContainer [198] - Tomcat started on port(s): 2200 (http)
[ INFO ] [2020-07-15 16:35:07] com.netflix.discovery.DiscoveryClient [804] - DiscoveryClient_SERVICE-HELLO/SOFT07.shgae.cn:SERVICE-HELLO:2200 - registration status: 204
[ INFO ] [2020-07-15 16:35:07] org.springframework.cloud.netflix.eureka.serviceregistry.EurekaAutoServiceRegistration [117] - Updating port to 2200
[ INFO ] [2020-07-15 16:35:07] io.twostepsfromjava.cloud.service.hello.Application [57] - Started Application in 13.098 seconds (JVM running for 14.08)
[ INFO ] [2020-07-15 16:38:40] com.netflix.discovery.shared.resolver.aws.ConfigClusterResolver [43] - Resolving eureka endpoints via configuration
[ INFO ] [2020-07-15 16:39:34] org.apache.catalina.core.ContainerBase.[Tomcat].[localhost].[/] [179] - Initializing Spring FrameworkServlet 'dispatcherServlet'
[ INFO ] [2020-07-15 16:39:34] org.springframework.web.servlet.DispatcherServlet [489] - FrameworkServlet 'dispatcherServlet': initialization started
[ INFO ] [2020-07-15 16:39:34] org.springframework.web.servlet.DispatcherServlet [508] - FrameworkServlet 'dispatcherServlet': initialization completed in 25 ms
[ INFO ] [2020-07-15 16:39:34] io.twostepsfromjava.cloud.service.hello.api.HelloEndpoint [46] - /hello, instanceId:SOFT07.shgae.cn:SERVICE-HELLO:2200, host:SOFT07.shgae.cn
[ INFO ] [2020-07-15 16:39:37] org.apache.catalina.core.ContainerBase.[Tomcat].[localhost].[/] [179] - Initializing Spring FrameworkServlet 'dispatcherServlet'
[ INFO ] [2020-07-15 16:39:37] org.springframework.web.servlet.DispatcherServlet [489] - FrameworkServlet 'dispatcherServlet': initialization started
[ INFO ] [2020-07-15 16:39:37] org.springframework.web.servlet.DispatcherServlet [508] - FrameworkServlet 'dispatcherServlet': initialization completed in 27 ms
[ INFO ] [2020-07-15 16:39:37] io.twostepsfromjava.cloud.service.hello.api.HelloEndpoint [46] - /hello, instanceId:SOFT07.shgae.cn:SERVICE-HELLO:2100, host:SOFT07.shgae.cn
[ INFO ] [2020-07-15 16:39:55] io.twostepsfromjava.cloud.service.hello.api.HelloEndpoint [46] - /hello, instanceId:SOFT07.shgae.cn:SERVICE-HELLO:2200, host:SOFT07.shgae.cn
[ INFO ] [2020-07-15 16:40:06] com.netflix.discovery.shared.resolver.aws.ConfigClusterResolver [43] - Resolving eureka endpoints via configuration
[ INFO ] [2020-07-15 16:40:25] io.twostepsfromjava.cloud.service.hello.api.HelloEndpoint [46] - /hello, instanceId:SOFT07.shgae.cn:SERVICE-HELLO:2100, host:SOFT07.shgae.cn
[ INFO ] [2020-07-15 16:43:40] com.netflix.discovery.shared.resolver.aws.ConfigClusterResolver [43] - Resolving eureka endpoints via configuration
[ INFO ] [2020-07-15 16:45:06] com.netflix.discovery.shared.resolver.aws.ConfigClusterResolver [43] - Resolving eureka endpoints via configuration
[ INFO ] [2020-07-15 16:48:40] com.netflix.discovery.shared.resolver.aws.ConfigClusterResolver [43] - Resolving eureka endpoints via configuration
[ INFO ] [2020-07-15 16:49:47] io.twostepsfromjava.cloud.service.hello.api.HelloEndpoint [46] - /hello, instanceId:SOFT07.shgae.cn:SERVICE-HELLO:2200, host:SOFT07.shgae.cn
[ INFO ] [2020-07-15 16:49:52] io.twostepsfromjava.cloud.service.hello.api.HelloEndpoint [46] - /hello, instanceId:SOFT07.shgae.cn:SERVICE-HELLO:2100, host:SOFT07.shgae.cn
[ INFO ] [2020-07-15 16:49:53] io.twostepsfromjava.cloud.service.hello.api.HelloEndpoint [46] - /hello, instanceId:SOFT07.shgae.cn:SERVICE-HELLO:2200, host:SOFT07.shgae.cn
[ INFO ] [2020-07-15 16:50:06] com.netflix.discovery.shared.resolver.aws.ConfigClusterResolver [43] - Resolving eureka endpoints via configuration
[ INFO ] [2020-07-15 16:50:09] io.twostepsfromjava.cloud.service.hello.api.HelloEndpoint [46] - /hello, instanceId:SOFT07.shgae.cn:SERVICE-HELLO:2200, host:SOFT07.shgae.cn
[ INFO ] [2020-07-15 16:50:11] io.twostepsfromjava.cloud.service.hello.api.HelloEndpoint [46] - /hello, instanceId:SOFT07.shgae.cn:SERVICE-HELLO:2100, host:SOFT07.shgae.cn
[ INFO ] [2020-07-15 16:53:40] com.netflix.discovery.shared.resolver.aws.ConfigClusterResolver [43] - Resolving eureka endpoints via configuration
[ INFO ] [2020-07-15 16:55:06] com.netflix.discovery.shared.resolver.aws.ConfigClusterResolver [43] - Resolving eureka endpoints via configuration
[ INFO ] [2020-07-15 16:58:40] com.netflix.discovery.shared.resolver.aws.ConfigClusterResolver [43] - Resolving eureka endpoints via configuration
[ INFO ] [2020-07-15 17:00:06] com.netflix.discovery.shared.resolver.aws.ConfigClusterResolver [43] - Resolving eureka endpoints via configuration
[ INFO ] [2020-07-15 17:03:40] com.netflix.discovery.shared.resolver.aws.ConfigClusterResolver [43] - Resolving eureka endpoints via configuration
[ INFO ] [2020-07-15 17:05:06] com.netflix.discovery.shared.resolver.aws.ConfigClusterResolver [43] - Resolving eureka endpoints via configuration
[ INFO ] [2020-07-15 17:08:40] com.netflix.discovery.shared.resolver.aws.ConfigClusterResolver [43] - Resolving eureka endpoints via configuration
[ INFO ] [2020-07-15 17:10:06] com.netflix.discovery.shared.resolver.aws.ConfigClusterResolver [43] - Resolving eureka endpoints via configuration
